TN:
SF:src/server.js
FN:27,(anonymous_0)
FN:31,(anonymous_1)
FN:40,(anonymous_2)
FN:49,start
FN:50,(anonymous_4)
FNF:5
FNH:3
FNDA:1,(anonymous_0)
FNDA:1,(anonymous_1)
FNDA:1,(anonymous_2)
FNDA:0,start
FNDA:0,(anonymous_4)
DA:3,1
DA:5,1
DA:7,1
DA:9,1
DA:11,1
DA:13,1
DA:15,1
DA:17,1
DA:19,1
DA:21,1
DA:23,1
DA:24,1
DA:27,1
DA:28,1
DA:31,1
DA:32,1
DA:40,1
DA:41,1
DA:44,1
DA:46,1
DA:50,0
DA:53,1
LF:22
LH:21
BRDA:21,0,0,1
BRDA:21,0,1,0
BRF:2
BRH:1
end_of_record
TN:
SF:src/handlers/404.js
FN:3,(anonymous_0)
FNF:1
FNH:1
FNDA:1,(anonymous_0)
DA:3,1
DA:4,1
LF:2
LH:2
BRF:0
BRH:0
end_of_record
TN:
SF:src/handlers/500.js
FN:3,(anonymous_0)
FNF:1
FNH:1
FNDA:1,(anonymous_0)
DA:3,1
DA:4,1
DA:5,1
LF:3
LH:3
BRDA:4,0,0,1
BRDA:4,0,1,0
BRF:2
BRH:1
end_of_record
TN:
SF:src/middleware/logger.js
FN:3,(anonymous_0)
FNF:1
FNH:1
FNDA:7,(anonymous_0)
DA:3,2
DA:4,7
DA:5,7
DA:6,7
LF:4
LH:4
BRF:0
BRH:0
end_of_record
TN:
SF:src/middleware/validator.js
FN:3,(anonymous_0)
FNF:1
FNH:1
FNDA:3,(anonymous_0)
DA:3,2
DA:4,3
DA:5,1
DA:8,2
LF:4
LH:4
BRDA:4,0,0,2
BRDA:4,0,1,1
BRF:2
BRH:2
end_of_record
